# JRE version: OpenJDK Runtime Environment Microsoft-8297089 (17.0.8.1+1) (build 17.0.8.1+1-LTS)
# Java VM: OpenJDK 64-Bit Server VM Microsoft-8297089 (17.0.8.1+1-LTS, mixed mode, sharing, tiered, compressed oops, compressed class ptrs, g1 gc, windows-amd64)
GC Precious Log:
 CPUs: 12 total, 12 available
 Memory: 7886M
 Large Page Support: Disabled
 NUMA Support: Disabled
 Compressed Oops: Enabled (32-bit)
 Heap Region Size: 1M
 Heap Min Capacity: 8M
 Heap Initial Capacity: 124M
 Heap Max Capacity: 2G
 Pre-touch: Disabled
 Parallel Workers: 10
 Concurrent Workers: 3
 Concurrent Refinement Workers: 10
 Periodic GC: Disabled
Heap:
 garbage-first heap   total 214016K, used 133622K [0x0000000080000000, 0x0000000100000000)
  region size 1024K, 15 young (15360K), 3 survivors (3072K)
 Metaspace       used 101700K, committed 102656K, reserved 557056K
  class space    used 13869K, committed 14336K, reserved 425984K
GC Heap History (20 events):
Event: 1604.589 GC heap before
{Heap before GC invocations=46 (full 0):
 garbage-first heap   total 196608K, used 164053K [0x0000000080000000, 0x0000000100000000)
  region size 1024K, 76 young (77824K), 9 survivors (9216K)
 Metaspace       used 84406K, committed 85248K, reserved 557056K
  class space    used 11270K, committed 11648K, reserved 425984K
}
Event: 1604.601 GC heap after
{Heap after GC invocations=47 (full 0):
 garbage-first heap   total 196608K, used 93385K [0x0000000080000000, 0x0000000100000000)
  region size 1024K, 10 young (10240K), 10 survivors (10240K)
 Metaspace       used 84406K, committed 85248K, reserved 557056K
  class space    used 11270K, committed 11648K, reserved 425984K
}
Event: 1604.630 GC heap before
{Heap before GC invocations=47 (full 0):
 garbage-first heap   total 196608K, used 94409K [0x0000000080000000, 0x0000000100000000)
  region size 1024K, 11 young (11264K), 10 survivors (10240K)
 Metaspace       used 84546K, committed 85440K, reserved 557056K
  class space    used 11295K, committed 11712K, reserved 425984K
}
Event: 1604.640 GC heap after
{Heap after GC invocations=48 (full 0):
 garbage-first heap   total 196608K, used 93641K [0x0000000080000000, 0x0000000100000000)
  region size 1024K, 2 young (2048K), 2 survivors (2048K)
 Metaspace       used 84546K, committed 85440K, reserved 557056K
  class space    used 11295K, committed 11712K, reserved 425984K
}
Event: 1608.631 GC heap before
{Heap before GC invocations=48 (full 0):
 garbage-first heap   total 196608K, used 158153K [0x0000000080000000, 0x0000000100000000)
  region size 1024K, 65 young (66560K), 2 survivors (2048K)
 Metaspace       used 88824K, committed 89664K, reserved 557056K
  class space    used 12064K, committed 12480K, reserved 425984K
}
Event: 1608.637 GC heap after
{Heap after GC invocations=49 (full 0):
 garbage-first heap   total 196608K, used 96999K [0x0000000080000000, 0x0000000100000000)
  region size 1024K, 5 young (5120K), 5 survivors (5120K)
 Metaspace       used 88824K, committed 89664K, reserved 557056K
  class space    used 12064K, committed 12480K, reserved 425984K
}
Event: 1609.795 GC heap before
{Heap before GC invocations=49 (full 0):
 garbage-first heap   total 196608K, used 158439K [0x0000000080000000, 0x0000000100000000)
  region size 1024K, 66 young (67584K), 5 survivors (5120K)
 Metaspace       used 93179K, committed 94080K, reserved 557056K
  class space    used 12746K, committed 13184K, reserved 425984K
}
Event: 1609.806 GC heap after
{Heap after GC invocations=50 (full 0):
 garbage-first heap   total 196608K, used 101645K [0x0000000080000000, 0x0000000100000000)
  region size 1024K, 5 young (5120K), 5 survivors (5120K)
 Metaspace       used 93179K, committed 94080K, reserved 557056K
  class space    used 12746K, committed 13184K, reserved 425984K
}
Event: 1615.600 GC heap before
{Heap before GC invocations=50 (full 0):
 garbage-first heap   total 196608K, used 160013K [0x0000000080000000, 0x0000000100000000)
  region size 1024K, 62 young (63488K), 5 survivors (5120K)
 Metaspace       used 96364K, committed 97280K, reserved 557056K
  class space    used 13174K, committed 13632K, reserved 425984K
}
Event: 1615.611 GC heap after
{Heap after GC invocations=51 (full 0):
 garbage-first heap   total 196608K, used 106136K [0x0000000080000000, 0x0000000100000000)
  region size 1024K, 5 young (5120K), 5 survivors (5120K)
 Metaspace       used 96364K, committed 97280K, reserved 557056K
  class space    used 13174K, committed 13632K, reserved 425984K
}
Event: 1619.320 GC heap before
{Heap before GC invocations=52 (full 0):
 garbage-first heap   total 196608K, used 160408K [0x0000000080000000, 0x0000000100000000)
  region size 1024K, 59 young (60416K), 5 survivors (5120K)
 Metaspace       used 97535K, committed 98432K, reserved 557056K
  class space    used 13327K, committed 13760K, reserved 425984K
}
Event: 1619.335 GC heap after
{Heap after GC invocations=53 (full 0):
 garbage-first heap   total 196608K, used 112431K [0x0000000080000000, 0x0000000100000000)
  region size 1024K, 7 young (7168K), 7 survivors (7168K)
 Metaspace       used 97535K, committed 98432K, reserved 557056K
  class space    used 13327K, committed 13760K, reserved 425984K
}
Event: 1619.392 GC heap before
{Heap before GC invocations=53 (full 0):
 garbage-first heap   total 196608K, used 113455K [0x0000000080000000, 0x0000000100000000)
  region size 1024K, 9 young (9216K), 7 survivors (7168K)
 Metaspace       used 97822K, committed 98752K, reserved 557056K
  class space    used 13369K, committed 13824K, reserved 425984K
}
Event: 1619.399 GC heap after
{Heap after GC invocations=54 (full 0):
 garbage-first heap   total 196608K, used 110178K [0x0000000080000000, 0x0000000100000000)
  region size 1024K, 1 young (1024K), 1 survivors (1024K)
 Metaspace       used 97822K, committed 98752K, reserved 557056K
  class space    used 13369K, committed 13824K, reserved 425984K
}
Event: 1620.801 GC heap before
{Heap before GC invocations=54 (full 0):
 garbage-first heap   total 196608K, used 159330K [0x0000000080000000, 0x0000000100000000)
  region size 1024K, 50 young (51200K), 1 survivors (1024K)
 Metaspace       used 101283K, committed 102272K, reserved 557056K
  class space    used 13842K, committed 14336K, reserved 425984K
}
Event: 1620.813 GC heap after
{Heap after GC invocations=55 (full 0):
 garbage-first heap   total 196608K, used 114993K [0x0000000080000000, 0x0000000100000000)
  region size 1024K, 6 young (6144K), 6 survivors (6144K)
 Metaspace       used 101283K, committed 102272K, reserved 557056K
  class space    used 13842K, committed 14336K, reserved 425984K
}
Event: 1621.682 GC heap before
{Heap before GC invocations=55 (full 0):
 garbage-first heap   total 196608K, used 160049K [0x0000000080000000, 0x0000000100000000)
  region size 1024K, 51 young (52224K), 6 survivors (6144K)
 Metaspace       used 101617K, committed 102592K, reserved 557056K
  class space    used 13868K, committed 14336K, reserved 425984K
}
Event: 1621.694 GC heap after
{Heap after GC invocations=56 (full 0):
 garbage-first heap   total 196608K, used 120024K [0x0000000080000000, 0x0000000100000000)
  region size 1024K, 5 young (5120K), 5 survivors (5120K)
 Metaspace       used 101617K, committed 102592K, reserved 557056K
  class space    used 13868K, committed 14336K, reserved 425984K
}
Event: 1622.306 GC heap before
{Heap before GC invocations=56 (full 0):
 garbage-first heap   total 196608K, used 160984K [0x0000000080000000, 0x0000000100000000)
  region size 1024K, 46 young (47104K), 5 survivors (5120K)
 Metaspace       used 101689K, committed 102656K, reserved 557056K
  class space    used 13869K, committed 14336K, reserved 425984K
}
Event: 1622.314 GC heap after
{Heap after GC invocations=57 (full 0):
 garbage-first heap   total 196608K, used 122358K [0x0000000080000000, 0x0000000100000000)
  region size 1024K, 3 young (3072K), 3 survivors (3072K)
 Metaspace       used 101689K, committed 102656K, reserved 557056K
  class space    used 13869K, committed 14336K, reserved 425984K
}

